{"/Users/lioneltay/Learning/sandboxclient/src/lib/redux-ui-tekk/actions.js": {"path":"/Users/lioneltay/Learning/sandboxclient/src/lib/redux-ui-tekk/actions.js","statementMap":{"0":{"start":{"line":1,"column":15},"end":{"line":1,"column":34}},"1":{"start":{"line":3,"column":19},"end":{"line":3,"column":45}},"2":{"start":{"line":3,"column":27},"end":{"line":3,"column":45}},"3":{"start":{"line":5,"column":28},"end":{"line":5,"column":54}},"4":{"start":{"line":6,"column":31},"end":{"line":6,"column":60}},"5":{"start":{"line":7,"column":33},"end":{"line":7,"column":64}},"6":{"start":{"line":9,"column":27},"end":{"line":12,"column":2}},"7":{"start":{"line":9,"column":58},"end":{"line":12,"column":1}},"8":{"start":{"line":14,"column":30},"end":{"line":17,"column":2}},"9":{"start":{"line":14,"column":61},"end":{"line":17,"column":1}},"10":{"start":{"line":19,"column":32},"end":{"line":22,"column":2}},"11":{"start":{"line":19,"column":56},"end":{"line":22,"column":1}}},"fnMap":{"0":{"name":"(anonymous_0)","decl":{"start":{"line":3,"column":19},"end":{"line":3,"column":20}},"loc":{"start":{"line":3,"column":27},"end":{"line":3,"column":45}},"line":3},"1":{"name":"(anonymous_1)","decl":{"start":{"line":9,"column":27},"end":{"line":9,"column":28}},"loc":{"start":{"line":9,"column":58},"end":{"line":12,"column":1}},"line":9},"2":{"name":"(anonymous_2)","decl":{"start":{"line":14,"column":30},"end":{"line":14,"column":31}},"loc":{"start":{"line":14,"column":61},"end":{"line":17,"column":1}},"line":14},"3":{"name":"(anonymous_3)","decl":{"start":{"line":19,"column":32},"end":{"line":19,"column":33}},"loc":{"start":{"line":19,"column":56},"end":{"line":22,"column":1}},"line":19}},"branchMap":{},"s":{"0":1,"1":1,"2":3,"3":1,"4":1,"5":1,"6":1,"7":2,"8":1,"9":3,"10":1,"11":2},"f":{"0":3,"1":2,"2":3,"3":2},"b":{},"_coverageSchema":"332fd63041d2c1bcb487cc26dd0d5f7d97098a6c","hash":"ab8da6a00f4480199060546f001521339d815280"}
,"/Users/lioneltay/Learning/sandboxclient/src/lib/redux-ui-tekk/helpers.js": {"path":"/Users/lioneltay/Learning/sandboxclient/src/lib/redux-ui-tekk/helpers.js","statementMap":{"0":{"start":{"line":7,"column":26},"end":{"line":12,"column":1}},"1":{"start":{"line":8,"column":21},"end":{"line":8,"column":50}},"2":{"start":{"line":9,"column":26},"end":{"line":9,"column":57}},"3":{"start":{"line":10,"column":24},"end":{"line":10,"column":56}},"4":{"start":{"line":11,"column":2},"end":{"line":11,"column":69}},"5":{"start":{"line":16,"column":19},"end":{"line":22,"column":1}},"6":{"start":{"line":17,"column":2},"end":{"line":19,"column":3}},"7":{"start":{"line":18,"column":4},"end":{"line":18,"column":13}},"8":{"start":{"line":21,"column":2},"end":{"line":21,"column":21}},"9":{"start":{"line":25,"column":30},"end":{"line":26,"column":42}},"10":{"start":{"line":26,"column":2},"end":{"line":26,"column":42}},"11":{"start":{"line":28,"column":20},"end":{"line":41,"column":1}},"12":{"start":{"line":29,"column":22},"end":{"line":29,"column":24}},"13":{"start":{"line":30,"column":23},"end":{"line":30,"column":25}},"14":{"start":{"line":32,"column":2},"end":{"line":38,"column":12}},"15":{"start":{"line":33,"column":4},"end":{"line":37,"column":5}},"16":{"start":{"line":34,"column":6},"end":{"line":34,"column":30}},"17":{"start":{"line":36,"column":6},"end":{"line":36,"column":31}},"18":{"start":{"line":40,"column":2},"end":{"line":40,"column":38}},"19":{"start":{"line":51,"column":31},"end":{"line":71,"column":1}},"20":{"start":{"line":52,"column":16},"end":{"line":52,"column":34}},"21":{"start":{"line":53,"column":13},"end":{"line":53,"column":24}},"22":{"start":{"line":54,"column":15},"end":{"line":54,"column":30}},"23":{"start":{"line":56,"column":2},"end":{"line":62,"column":3}},"24":{"start":{"line":57,"column":23},"end":{"line":57,"column":52}},"25":{"start":{"line":58,"column":42},"end":{"line":58,"column":73}},"26":{"start":{"line":59,"column":4},"end":{"line":59,"column":59}},"27":{"start":{"line":60,"column":4},"end":{"line":60,"column":25}},"28":{"start":{"line":61,"column":4},"end":{"line":61,"column":27}},"29":{"start":{"line":64,"column":2},"end":{"line":68,"column":3}},"30":{"start":{"line":65,"column":4},"end":{"line":67,"column":5}},"31":{"start":{"line":70,"column":2},"end":{"line":70,"column":16}},"32":{"start":{"line":73,"column":34},"end":{"line":82,"column":1}},"33":{"start":{"line":74,"column":24},"end":{"line":74,"column":26}},"34":{"start":{"line":76,"column":2},"end":{"line":79,"column":4}},"35":{"start":{"line":77,"column":23},"end":{"line":77,"column":72}},"36":{"start":{"line":78,"column":4},"end":{"line":78,"column":58}},"37":{"start":{"line":81,"column":2},"end":{"line":81,"column":24}},"38":{"start":{"line":84,"column":30},"end":{"line":86,"column":1}},"39":{"start":{"line":85,"column":2},"end":{"line":85,"column":61}},"40":{"start":{"line":88,"column":33},"end":{"line":90,"column":1}},"41":{"start":{"line":89,"column":2},"end":{"line":89,"column":36}},"42":{"start":{"line":92,"column":24},"end":{"line":101,"column":1}}},"fnMap":{"0":{"name":"(anonymous_0)","decl":{"start":{"line":7,"column":26},"end":{"line":7,"column":27}},"loc":{"start":{"line":7,"column":53},"end":{"line":12,"column":1}},"line":7},"1":{"name":"(anonymous_1)","decl":{"start":{"line":16,"column":19},"end":{"line":16,"column":20}},"loc":{"start":{"line":16,"column":27},"end":{"line":22,"column":1}},"line":16},"2":{"name":"(anonymous_2)","decl":{"start":{"line":25,"column":30},"end":{"line":25,"column":31}},"loc":{"start":{"line":26,"column":2},"end":{"line":26,"column":42}},"line":26},"3":{"name":"(anonymous_3)","decl":{"start":{"line":28,"column":20},"end":{"line":28,"column":21}},"loc":{"start":{"line":28,"column":44},"end":{"line":41,"column":1}},"line":28},"4":{"name":"(anonymous_4)","decl":{"start":{"line":32,"column":22},"end":{"line":32,"column":23}},"loc":{"start":{"line":32,"column":38},"end":{"line":38,"column":3}},"line":32},"5":{"name":"(anonymous_5)","decl":{"start":{"line":51,"column":31},"end":{"line":51,"column":32}},"loc":{"start":{"line":51,"column":71},"end":{"line":71,"column":1}},"line":51},"6":{"name":"(anonymous_6)","decl":{"start":{"line":73,"column":34},"end":{"line":73,"column":35}},"loc":{"start":{"line":73,"column":53},"end":{"line":82,"column":1}},"line":73},"7":{"name":"(anonymous_7)","decl":{"start":{"line":76,"column":15},"end":{"line":76,"column":16}},"loc":{"start":{"line":76,"column":36},"end":{"line":79,"column":3}},"line":76},"8":{"name":"(anonymous_8)","decl":{"start":{"line":84,"column":30},"end":{"line":84,"column":31}},"loc":{"start":{"line":84,"column":56},"end":{"line":86,"column":1}},"line":84},"9":{"name":"(anonymous_9)","decl":{"start":{"line":88,"column":33},"end":{"line":88,"column":34}},"loc":{"start":{"line":88,"column":52},"end":{"line":90,"column":1}},"line":88}},"branchMap":{"0":{"loc":{"start":{"line":17,"column":2},"end":{"line":19,"column":3}},"type":"if","locations":[{"start":{"line":17,"column":2},"end":{"line":19,"column":3}},{"start":{"line":17,"column":2},"end":{"line":19,"column":3}}],"line":17},"1":{"loc":{"start":{"line":33,"column":4},"end":{"line":37,"column":5}},"type":"if","locations":[{"start":{"line":33,"column":4},"end":{"line":37,"column":5}},{"start":{"line":33,"column":4},"end":{"line":37,"column":5}}],"line":33},"2":{"loc":{"start":{"line":56,"column":9},"end":{"line":56,"column":32}},"type":"binary-expr","locations":[{"start":{"line":56,"column":9},"end":{"line":56,"column":13}},{"start":{"line":56,"column":17},"end":{"line":56,"column":32}}],"line":56},"3":{"loc":{"start":{"line":64,"column":2},"end":{"line":68,"column":3}},"type":"if","locations":[{"start":{"line":64,"column":2},"end":{"line":68,"column":3}},{"start":{"line":64,"column":2},"end":{"line":68,"column":3}}],"line":64},"4":{"loc":{"start":{"line":64,"column":6},"end":{"line":64,"column":35}},"type":"binary-expr","locations":[{"start":{"line":64,"column":6},"end":{"line":64,"column":13}},{"start":{"line":64,"column":17},"end":{"line":64,"column":35}}],"line":64}},"s":{"0":2,"1":7,"2":7,"3":7,"4":7,"5":2,"6":8,"7":4,"8":4,"9":2,"10":17,"11":2,"12":14,"13":14,"14":14,"15":16,"16":10,"17":6,"18":14,"19":2,"20":3,"21":3,"22":3,"23":3,"24":6,"25":6,"26":6,"27":6,"28":6,"29":3,"30":1,"31":2,"32":2,"33":2,"34":2,"35":3,"36":3,"37":2,"38":2,"39":4,"40":2,"41":3,"42":2},"f":{"0":7,"1":8,"2":17,"3":14,"4":16,"5":3,"6":2,"7":3,"8":4,"9":3},"b":{"0":[4,4],"1":[10,6],"2":[9,9],"3":[1,2],"4":[3,3]},"_coverageSchema":"332fd63041d2c1bcb487cc26dd0d5f7d97098a6c","hash":"06f88e838f111b0ee2055196d5eab63a16e08f5e"}
,"/Users/lioneltay/Learning/sandboxclient/src/lib/redux-ui-tekk/reducer.js": {"path":"/Users/lioneltay/Learning/sandboxclient/src/lib/redux-ui-tekk/reducer.js","statementMap":{"0":{"start":{"line":4,"column":21},"end":{"line":4,"column":23}},"1":{"start":{"line":6,"column":16},"end":{"line":26,"column":1}},"2":{"start":{"line":9,"column":2},"end":{"line":25,"column":3}},"3":{"start":{"line":11,"column":55},"end":{"line":11,"column":69}},"4":{"start":{"line":12,"column":6},"end":{"line":12,"column":66}},"5":{"start":{"line":15,"column":55},"end":{"line":15,"column":69}},"6":{"start":{"line":16,"column":6},"end":{"line":16,"column":65}},"7":{"start":{"line":19,"column":32},"end":{"line":19,"column":46}},"8":{"start":{"line":20,"column":6},"end":{"line":20,"column":52}},"9":{"start":{"line":23,"column":6},"end":{"line":23,"column":18}}},"fnMap":{"0":{"name":"(anonymous_0)","decl":{"start":{"line":6,"column":16},"end":{"line":6,"column":17}},"loc":{"start":{"line":6,"column":50},"end":{"line":26,"column":1}},"line":6}},"branchMap":{"0":{"loc":{"start":{"line":6,"column":17},"end":{"line":6,"column":37}},"type":"default-arg","locations":[{"start":{"line":6,"column":25},"end":{"line":6,"column":37}}],"line":6},"1":{"loc":{"start":{"line":9,"column":2},"end":{"line":25,"column":3}},"type":"switch","locations":[{"start":{"line":10,"column":4},"end":{"line":13,"column":5}},{"start":{"line":14,"column":4},"end":{"line":17,"column":5}},{"start":{"line":18,"column":4},"end":{"line":21,"column":5}},{"start":{"line":22,"column":4},"end":{"line":24,"column":5}}],"line":9}},"s":{"0":1,"1":1,"2":11,"3":2,"4":2,"5":3,"6":3,"7":2,"8":2,"9":4},"f":{"0":11},"b":{"0":[1],"1":[2,3,2,4]},"_coverageSchema":"332fd63041d2c1bcb487cc26dd0d5f7d97098a6c","hash":"11d0d8b5e16b27a2478132ce6025be057f820a37"}
}
