TN:
SF:/Users/lioneltay/Learning/sandboxclient/src/lib/redux-ui-tekk/actions.js
FN:3,(anonymous_0)
FN:9,(anonymous_1)
FN:14,(anonymous_2)
FN:19,(anonymous_3)
FNF:4
FNH:4
FNDA:3,(anonymous_0)
FNDA:2,(anonymous_1)
FNDA:3,(anonymous_2)
FNDA:2,(anonymous_3)
DA:1,1
DA:3,3
DA:5,1
DA:6,1
DA:7,1
DA:9,2
DA:14,3
DA:19,2
LF:8
LH:8
BRF:0
BRH:0
end_of_record
TN:
SF:/Users/lioneltay/Learning/sandboxclient/src/lib/redux-ui-tekk/helpers.js
FN:7,(anonymous_0)
FN:16,(anonymous_1)
FN:25,(anonymous_2)
FN:28,(anonymous_3)
FN:32,(anonymous_4)
FN:51,(anonymous_5)
FN:73,(anonymous_6)
FN:76,(anonymous_7)
FN:84,(anonymous_8)
FN:88,(anonymous_9)
FNF:10
FNH:10
FNDA:7,(anonymous_0)
FNDA:8,(anonymous_1)
FNDA:17,(anonymous_2)
FNDA:14,(anonymous_3)
FNDA:16,(anonymous_4)
FNDA:3,(anonymous_5)
FNDA:2,(anonymous_6)
FNDA:3,(anonymous_7)
FNDA:4,(anonymous_8)
FNDA:3,(anonymous_9)
DA:7,2
DA:8,7
DA:9,7
DA:10,7
DA:11,7
DA:16,2
DA:17,8
DA:18,4
DA:21,4
DA:25,2
DA:26,17
DA:28,2
DA:29,14
DA:30,14
DA:32,14
DA:33,16
DA:34,10
DA:36,6
DA:40,14
DA:51,2
DA:52,3
DA:53,3
DA:54,3
DA:56,3
DA:57,6
DA:58,6
DA:59,6
DA:60,6
DA:61,6
DA:64,3
DA:65,1
DA:70,2
DA:73,2
DA:74,2
DA:76,2
DA:77,3
DA:78,3
DA:81,2
DA:84,2
DA:85,4
DA:88,2
DA:89,3
DA:92,2
LF:43
LH:43
BRDA:17,0,0,4
BRDA:17,0,1,4
BRDA:33,1,0,10
BRDA:33,1,1,6
BRDA:56,2,0,9
BRDA:56,2,1,9
BRDA:64,3,0,1
BRDA:64,3,1,2
BRDA:64,4,0,3
BRDA:64,4,1,3
BRF:10
BRH:10
end_of_record
TN:
SF:/Users/lioneltay/Learning/sandboxclient/src/lib/redux-ui-tekk/reducer.js
FN:6,(anonymous_0)
FNF:1
FNH:1
FNDA:11,(anonymous_0)
DA:4,1
DA:6,1
DA:9,11
DA:11,2
DA:12,2
DA:15,3
DA:16,3
DA:19,2
DA:20,2
DA:23,4
LF:10
LH:10
BRDA:6,0,0,1
BRDA:9,1,0,2
BRDA:9,1,1,3
BRDA:9,1,2,2
BRDA:9,1,3,4
BRF:5
BRH:5
end_of_record
